Arguments: 
  C:\Program Files\nodejs\node.exe C:\Program Files\nodejs\node_modules\yarn\bin\yarn.js add nodemon -D

PATH: 
  C:\WINDOWS\system32;C:\WINDOWS;C:\WINDOWS\System32\Wbem;C:\WINDOWS\System32\WindowsPowerShell\v1.0\;C:\WINDOWS\System32\OpenSSH\;C:\Program Files\Git\cmd;C:\Users\Shuvro\AppData\Roaming\nvm;C:\Program Files\nodejs;C:\Program Files\Docker\Docker\resources\bin;C:\ProgramData\DockerDesktop\version-bin;C:\Program Files\dotnet\;C:\Users\Shuvro\AppData\Local\Microsoft\WindowsApps;C:\Users\Shuvro\AppData\Local\Programs\Microsoft VS Code Insiders\bin;C:\Users\Shuvro\AppData\Roaming\nvm;C:\Program Files\nodejs;C:\Program Files (x86)\VS Code\bin;

Yarn version: 
  1.22.19

Node version: 
  16.16.0

Platform: 
  win32 x64

Trace: 
  SyntaxError: C:\Users\Shuvro\Desktop\starter\package.json: Unexpected string in JSON at position 159
      at JSON.parse (<anonymous>)
      at C:\Users\Shuvro\AppData\Roaming\nvm\v16.16.0\node_modules\yarn\lib\cli.js:1629:59
      at Generator.next (<anonymous>)
      at step (C:\Users\Shuvro\AppData\Roaming\nvm\v16.16.0\node_modules\yarn\lib\cli.js:310:30)
      at C:\Users\Shuvro\AppData\Roaming\nvm\v16.16.0\node_modules\yarn\lib\cli.js:321:13

npm manifest: 
  {
    "name": "janitorial-leads-pro-api",
    "version": "1.0.0",
    "main": "src/server.js",
    "author": "Shuvro Sarkar",
    "license": "MIT",
    "private": true
  
    "scripts": {
      "start": "nodemon src/server"
    }
  }

yarn manifest: 
  No manifest

Lockfile: 
  No lockfile
